<?xml version="1.0" encoding="UTF-8"?>
<testsuite xmlns:xsi="http://www.w3.org/2001/XMLSchema-instance" xsi:noNamespaceSchemaLocation="https://maven.apache.org/surefire/maven-surefire-plugin/xsd/surefire-test-report.xsd" name="TestSuite" time="124.552" tests="21" errors="0" skipped="19" failures="2">
  <properties>
[...]
</properties>
  <testcase name="verifyCruisesPageTitleTest" classname="com.tripadvisor.tests.CruisesTest" time="67.538">
    <failure message="expected [Cruises - Cheap Cruise Holidays: 2020 Destinations &amp; Ports - Tripadvisor] but found [Cruises - Cheap Cruise Holidays: 2021 Destinations &amp; Ports - Tripadvisor]" type="java.lang.AssertionError"><![CDATA[java.lang.AssertionError: expected [Cruises - Cheap Cruise Holidays: 2020 Destinations & Ports - Tripadvisor] but found [Cruises - Cheap Cruise Holidays: 2021 Destinations & Ports - Tripadvisor]
	at com.tripadvisor.tests.CruisesTest.verifyCruisesPageTitleTest(CruisesTest.java:51)
]]></failure>
    <system-err><![CDATA[Starting ChromeDriver 89.0.4389.23 (61b08ee2c50024bab004e48d2b1b083cdbdac579-refs/branch-heads/4389@{#294}) on port 24481
Only local connections are allowed.
Please see https://chromedriver.chromium.org/security-considerations for suggestions on keeping ChromeDriver safe.
ChromeDriver was started successfully.
[1621907305.721][WARNING]: This version of ChromeDriver has not been tested with Chrome version 90.
May 25, 2021 7:18:25 AM org.openqa.selenium.remote.ProtocolHandshake createSession
INFO: Detected dialect: W3C
]]></system-err>
  </testcase>
  <testcase name="verifySearchNotActivatedTest" classname="com.tripadvisor.tests.CruisesTest" time="0">
    <skipped message="Method CruisesTest.verifySearchNotActivatedTest()[pri:0, instance:com.tripadvisor.tests.CruisesTest@366c4480] depends on not successfully finished methods"/>
  </testcase>
  <testcase name="verifyShipDropDownNotActivatedTest" classname="com.tripadvisor.tests.CruisesTest" time="0">
    <skipped message="Method CruisesTest.verifyShipDropDownNotActivatedTest()[pri:0, instance:com.tripadvisor.tests.CruisesTest@366c4480] depends on not successfully finished methods"/>
  </testcase>
  <testcase name="verifyCruiseIsSelectedTest" classname="com.tripadvisor.tests.CruisesTest" time="0">
    <skipped message="Method CruisesTest.verifyCruiseIsSelectedTest(java.lang.String, java.lang.String)[pri:0, instance:com.tripadvisor.tests.CruisesTest@366c4480] depends on not successfully finished methods"/>
  </testcase>
  <testcase name="cruiseDetailsTest" classname="com.tripadvisor.tests.CruisesTest" time="0">
    <skipped message="Method CruisesTest.cruiseDetailsTest(java.lang.String, java.lang.String)[pri:0, instance:com.tripadvisor.tests.CruisesTest@366c4480] depends on not successfully finished methods"/>
  </testcase>
  <testcase name="invalidLocationTest" classname="com.tripadvisor.tests.HolidayHomesTest" time="14.003">
    <failure message="Test case failed: stale element reference: element is not attached to the page document&#10;  (Session info: chrome=90.0.4430.212)&#10;For documentation on this error, please visit: https://www.seleniumhq.org/exceptions/stale_element_reference.html&#10;Build info: version: &apos;3.141.59&apos;, revision: &apos;e82be7d358&apos;, time: &apos;2018-11-14T08:17:03&apos;&#10;System info: host: &apos;DESKTOP-LT9O9K0&apos;, ip: &apos;192.168.222.156&apos;, os.name: &apos;Windows 10&apos;, os.arch: &apos;amd64&apos;, os.version: &apos;10.0&apos;, java.version: &apos;15.0.2&apos;&#10;Driver info: org.openqa.selenium.chrome.ChromeDriver&#10;Capabilities {acceptInsecureCerts: false, browserName: chrome, browserVersion: 90.0.4430.212, chrome: {chromedriverVersion: 89.0.4389.23 (61b08ee2c5002..., userDataDir: C:\Users\MAHI\AppData\Local...}, goog:chromeOptions: {debuggerAddress: localhost:64772}, javascriptEnabled: true, networkConnectionEnabled: false, pageLoadStrategy: normal, platform: WINDOWS, platformName: WINDOWS, proxy: Proxy(), setWindowRect: true, strictFileInteractability: false, timeouts: {implicit: 0, pageLoad: 300000, script: 30000}, unhandledPromptBehavior: dismiss and notify, webauthn:extension:largeBlob: true, webauthn:virtualAuthenticators: true}&#10;Session ID: 548ebebc85a5a07b7f8c82998a53749a" type="java.lang.AssertionError">java.lang.AssertionError: 
Test case failed: stale element reference: element is not attached to the page document
  (Session info: chrome=90.0.4430.212)
For documentation on this error, please visit: https://www.seleniumhq.org/exceptions/stale_element_reference.html
Build info: version: '3.141.59', revision: 'e82be7d358', time: '2018-11-14T08:17:03'
System info: host: 'DESKTOP-LT9O9K0', ip: '192.168.222.156', os.name: 'Windows 10', os.arch: 'amd64', os.version: '10.0', java.version: '15.0.2'
Driver info: org.openqa.selenium.chrome.ChromeDriver
Capabilities {acceptInsecureCerts: false, browserName: chrome, browserVersion: 90.0.4430.212, chrome: {chromedriverVersion: 89.0.4389.23 (61b08ee2c5002..., userDataDir: C:\Users\MAHI\AppData\Local...}, goog:chromeOptions: {debuggerAddress: localhost:64772}, javascriptEnabled: true, networkConnectionEnabled: false, pageLoadStrategy: normal, platform: WINDOWS, platformName: WINDOWS, proxy: Proxy(), setWindowRect: true, strictFileInteractability: false, timeouts: {implicit: 0, pageLoad: 300000, script: 30000}, unhandledPromptBehavior: dismiss and notify, webauthn:extension:largeBlob: true, webauthn:virtualAuthenticators: true}
Session ID: 548ebebc85a5a07b7f8c82998a53749a
	at com.tripadvisor.tests.HolidayHomesTest.invalidLocationTest(HolidayHomesTest.java:40)
</failure>
    <system-out><![CDATA[Execution of first Test Case done
]]></system-out>
    <system-err><![CDATA[Starting ChromeDriver 89.0.4389.23 (61b08ee2c50024bab004e48d2b1b083cdbdac579-refs/branch-heads/4389@{#294}) on port 13346
Only local connections are allowed.
Please see https://chromedriver.chromium.org/security-considerations for suggestions on keeping ChromeDriver safe.
ChromeDriver was started successfully.
[1621907402.115][WARNING]: This version of ChromeDriver has not been tested with Chrome version 90.
May 25, 2021 7:20:02 AM org.openqa.selenium.remote.ProtocolHandshake createSession
INFO: Detected dialect: W3C
org.openqa.selenium.StaleElementReferenceException: stale element reference: element is not attached to the page document
  (Session info: chrome=90.0.4430.212)
For documentation on this error, please visit: https://www.seleniumhq.org/exceptions/stale_element_reference.html
Build info: version: '3.141.59', revision: 'e82be7d358', time: '2018-11-14T08:17:03'
System info: host: 'DESKTOP-LT9O9K0', ip: '192.168.222.156', os.name: 'Windows 10', os.arch: 'amd64', os.version: '10.0', java.version: '15.0.2'
Driver info: org.openqa.selenium.chrome.ChromeDriver
Capabilities {acceptInsecureCerts: false, browserName: chrome, browserVersion: 90.0.4430.212, chrome: {chromedriverVersion: 89.0.4389.23 (61b08ee2c5002..., userDataDir: C:\Users\MAHI\AppData\Local...}, goog:chromeOptions: {debuggerAddress: localhost:64772}, javascriptEnabled: true, networkConnectionEnabled: false, pageLoadStrategy: normal, platform: WINDOWS, platformName: WINDOWS, proxy: Proxy(), setWindowRect: true, strictFileInteractability: false, timeouts: {implicit: 0, pageLoad: 300000, script: 30000}, unhandledPromptBehavior: dismiss and notify, webauthn:extension:largeBlob: true, webauthn:virtualAuthenticators: true}
Session ID: 548ebebc85a5a07b7f8c82998a53749a
	at java.base/jdk.internal.reflect.NativeConstructorAccessorImpl.newInstance0(Native Method)
	at java.base/jdk.internal.reflect.NativeConstructorAccessorImpl.newInstance(NativeConstructorAccessorImpl.java:64)
	at java.base/jdk.internal.reflect.DelegatingConstructorAccessorImpl.newInstance(DelegatingConstructorAccessorImpl.java:45)
	at java.base/java.lang.reflect.Constructor.newInstanceWithCaller(Constructor.java:500)
	at java.base/java.lang.reflect.Constructor.newInstance(Constructor.java:481)
	at org.openqa.selenium.remote.http.W3CHttpResponseCodec.createException(W3CHttpResponseCodec.java:187)
	at org.openqa.selenium.remote.http.W3CHttpResponseCodec.decode(W3CHttpResponseCodec.java:122)
	at org.openqa.selenium.remote.http.W3CHttpResponseCodec.decode(W3CHttpResponseCodec.java:49)
	at org.openqa.selenium.remote.HttpCommandExecutor.execute(HttpCommandExecutor.java:158)
	at org.openqa.selenium.remote.service.DriverCommandExecutor.execute(DriverCommandExecutor.java:83)
	at org.openqa.selenium.remote.RemoteWebDriver.execute(RemoteWebDriver.java:552)
	at org.openqa.selenium.remote.RemoteWebElement.execute(RemoteWebElement.java:285)
	at org.openqa.selenium.remote.RemoteWebElement.sendKeys(RemoteWebElement.java:106)
	at com.tripadvisor.base.BaseUI.sendText(BaseUI.java:162)
	at com.tripadvisor.pages.HomePage.searchHolidayHomesLocation(HomePage.java:39)
	at com.tripadvisor.tests.HolidayHomesTest.invalidLocationTest(HolidayHomesTest.java:40)
	at java.base/jdk.internal.reflect.NativeMethodAccessorImpl.invoke0(Native Method)
	at java.base/jdk.internal.reflect.NativeMethodAccessorImpl.invoke(NativeMethodAccessorImpl.java:64)
	at java.base/jdk.internal.reflect.DelegatingMethodAccessorImpl.invoke(DelegatingMethodAccessorImpl.java:43)
	at java.base/java.lang.reflect.Method.invoke(Method.java:564)
	at org.testng.internal.MethodInvocationHelper.invokeMethod(MethodInvocationHelper.java:124)
	at org.testng.internal.Invoker.invokeMethod(Invoker.java:583)
	at org.testng.internal.Invoker.invokeTestMethod(Invoker.java:719)
	at org.testng.internal.Invoker.invokeTestMethods(Invoker.java:989)
	at org.testng.internal.TestMethodWorker.invokeTestMethods(TestMethodWorker.java:125)
	at org.testng.internal.TestMethodWorker.run(TestMethodWorker.java:109)
	at org.testng.TestRunner.privateRun(TestRunner.java:648)
	at org.testng.TestRunner.run(TestRunner.java:505)
	at org.testng.SuiteRunner.runTest(SuiteRunner.java:455)
	at org.testng.SuiteRunner.runSequentially(SuiteRunner.java:450)
	at org.testng.SuiteRunner.privateRun(SuiteRunner.java:415)
	at org.testng.SuiteRunner.run(SuiteRunner.java:364)
	at org.testng.SuiteRunnerWorker.runSuite(SuiteRunnerWorker.java:52)
	at org.testng.SuiteRunnerWorker.run(SuiteRunnerWorker.java:84)
	at org.testng.TestNG.runSuitesSequentially(TestNG.java:1208)
	at org.testng.TestNG.runSuitesLocally(TestNG.java:1137)
	at org.testng.TestNG.runSuites(TestNG.java:1049)
	at org.testng.TestNG.run(TestNG.java:1017)
	at org.apache.maven.surefire.testng.TestNGExecutor.run(TestNGExecutor.java:135)
	at org.apache.maven.surefire.testng.TestNGDirectoryTestSuite.executeMulti(TestNGDirectoryTestSuite.java:193)
	at org.apache.maven.surefire.testng.TestNGDirectoryTestSuite.execute(TestNGDirectoryTestSuite.java:94)
	at org.apache.maven.surefire.testng.TestNGProvider.invoke(TestNGProvider.java:146)
	at org.apache.maven.surefire.booter.ForkedBooter.invokeProviderInSameClassLoader(ForkedBooter.java:384)
	at org.apache.maven.surefire.booter.ForkedBooter.runSuitesInProcess(ForkedBooter.java:345)
	at org.apache.maven.surefire.booter.ForkedBooter.execute(ForkedBooter.java:126)
	at org.apache.maven.surefire.booter.ForkedBooter.main(ForkedBooter.java:418)
]]></system-err>
  </testcase>
  <testcase name="verifySearchLocationTitleTest" classname="com.tripadvisor.tests.HolidayHomesTest" time="0">
    <skipped message="Method HolidayHomesTest.verifySearchLocationTitleTest(java.lang.String, java.lang.String, java.lang.String)[pri:0, instance:com.tripadvisor.tests.HolidayHomesTest@2c7b5824] depends on not successfully finished methods"/>
  </testcase>
  <testcase name="holidayHomesTest" classname="com.tripadvisor.tests.HolidayHomesTest" time="0">
    <skipped message="Method HolidayHomesTest.holidayHomesTest(java.lang.String, java.lang.String, java.lang.String)[pri:0, instance:com.tripadvisor.tests.HolidayHomesTest@2c7b5824] depends on not successfully finished methods"/>
  </testcase>
  <testcase name="verifyBookNowTest" classname="com.tripadvisor.tests.HolidayHomesTest" time="0">
    <skipped message="Method HolidayHomesTest.verifyBookNowTest()[pri:0, instance:com.tripadvisor.tests.HolidayHomesTest@2c7b5824] depends on not successfully finished methods"/>
  </testcase>
  <testcase name="verifyHotelCheckInTest" classname="com.tripadvisor.tests.HolidayHomesTest" time="0">
    <skipped message="Method HolidayHomesTest.verifyHotelCheckInTest()[pri:0, instance:com.tripadvisor.tests.HolidayHomesTest@2c7b5824] depends on not successfully finished methods"/>
  </testcase>
  <testcase name="verifyHotelCheckOutTest" classname="com.tripadvisor.tests.HolidayHomesTest" time="0">
    <skipped message="Method HolidayHomesTest.verifyHotelCheckOutTest()[pri:0, instance:com.tripadvisor.tests.HolidayHomesTest@2c7b5824] depends on not successfully finished methods"/>
  </testcase>
  <testcase name="verifyHotelGuestsTest" classname="com.tripadvisor.tests.HolidayHomesTest" time="0">
    <skipped message="Method HolidayHomesTest.verifyHotelGuestsTest(java.lang.String, java.lang.String, java.lang.String)[pri:0, instance:com.tripadvisor.tests.HolidayHomesTest@2c7b5824] depends on not successfully finished methods"/>
  </testcase>
  <testcase name="verifyHotelElevatorTest" classname="com.tripadvisor.tests.HolidayHomesTest" time="0">
    <skipped message="Method HolidayHomesTest.verifyHotelElevatorTest()[pri:0, instance:com.tripadvisor.tests.HolidayHomesTest@2c7b5824] depends on not successfully finished methods"/>
  </testcase>
  <testcase name="clearAllFiltersTest" classname="com.tripadvisor.tests.HolidayHomesTest" time="0">
    <skipped message="Method HolidayHomesTest.clearAllFiltersTest()[pri:0, instance:com.tripadvisor.tests.HolidayHomesTest@2c7b5824] depends on not successfully finished methods"/>
  </testcase>
  <testcase name="showPricesButtonTest" classname="com.tripadvisor.tests.HolidayHomesTest" time="0">
    <skipped message="Method HolidayHomesTest.showPricesButtonTest()[pri:0, instance:com.tripadvisor.tests.HolidayHomesTest@2c7b5824] depends on not successfully finished methods"/>
  </testcase>
  <testcase name="bookNowButtonTest" classname="com.tripadvisor.tests.HolidayHomesTest" time="0">
    <skipped message="Method HolidayHomesTest.bookNowButtonTest()[pri:0, instance:com.tripadvisor.tests.HolidayHomesTest@2c7b5824] depends on not successfully finished methods"/>
  </testcase>
  <testcase name="verifyCheckInSelectedTest" classname="com.tripadvisor.tests.HolidayHomesTest" time="0">
    <skipped message="Method HolidayHomesTest.verifyCheckInSelectedTest()[pri:0, instance:com.tripadvisor.tests.HolidayHomesTest@2c7b5824] depends on not successfully finished methods"/>
  </testcase>
  <testcase name="verifyCheckOutSelectedTest" classname="com.tripadvisor.tests.HolidayHomesTest" time="0">
    <skipped message="Method HolidayHomesTest.verifyCheckOutSelectedTest()[pri:0, instance:com.tripadvisor.tests.HolidayHomesTest@2c7b5824] depends on not successfully finished methods"/>
  </testcase>
  <testcase name="verifyCheckInOutFilterTest" classname="com.tripadvisor.tests.HolidayHomesTest" time="0">
    <skipped message="Method HolidayHomesTest.verifyCheckInOutFilterTest()[pri:0, instance:com.tripadvisor.tests.HolidayHomesTest@2c7b5824] depends on not successfully finished methods"/>
  </testcase>
  <testcase name="verifyElevatorFilterAppliedTest" classname="com.tripadvisor.tests.HolidayHomesTest" time="0">
    <skipped message="Method HolidayHomesTest.verifyElevatorFilterAppliedTest()[pri:0, instance:com.tripadvisor.tests.HolidayHomesTest@2c7b5824] depends on not successfully finished methods"/>
  </testcase>
  <testcase name="verifyPastDateNotSelectedTest" classname="com.tripadvisor.tests.HolidayHomesTest" time="0">
    <skipped message="Method HolidayHomesTest.verifyPastDateNotSelectedTest()[pri:0, instance:com.tripadvisor.tests.HolidayHomesTest@2c7b5824] depends on not successfully finished methods"/>
  </testcase>
</testsuite>